The target system is: Generic - 4.0.99 - arm
The host system is: Linux - 6.8.0-55-generic - x86_64
Compiling the C compiler identification source file "CMakeCCompilerId.c" succeeded.
Compiler: /home/adam/ncs/toolchains/b77d8c1312/opt/zephyr-sdk/arm-zephyr-eabi/bin/arm-zephyr-eabi-gcc 
Build flags: 
Id flags: -c 

The output was:
0


Compilation of the C compiler identification source "CMakeCCompilerId.c" produced "CMakeCCompilerId.o"

The C compiler identification is GNU, found in "/home/adam/serLCD_IV/build/serLCD_IV/CMakeFiles/3.21.0/CompilerIdC/CMakeCCompilerId.o"

Compiling the CXX compiler identification source file "CMakeCXXCompilerId.cpp" succeeded.
Compiler: /home/adam/ncs/toolchains/b77d8c1312/opt/zephyr-sdk/arm-zephyr-eabi/bin/arm-zephyr-eabi-g++ 
Build flags: 
Id flags: -c 

The output was:
0


Compilation of the CXX compiler identification source "CMakeCXXCompilerId.cpp" produced "CMakeCXXCompilerId.o"

The CXX compiler identification is GNU, found in "/home/adam/serLCD_IV/build/serLCD_IV/CMakeFiles/3.21.0/CompilerIdCXX/CMakeCXXCompilerId.o"

Checking whether the ASM compiler is GNU using "--version" matched "(GNU assembler)|(GCC)|(Free Software Foundation)":
arm-zephyr-eabi-gcc (Zephyr SDK 0.17.0) 12.2.0
Copyright (C) 2022 Free Software Foundation, Inc.
This is free software; see the source for copying conditions.  There is NO
warranty; not even for MERCHANTABILITY or FITNESS FOR A PARTICULAR PURPOSE.

Performing C SOURCE FILE Test check_Wmissing_field_initializers_C__nostartfiles__nostdlib__isystem___home_adam_ncs_toolchains_b77d8c1312_opt_zephyr_sdk_arm_zephyr_eabi_bin____lib_gcc_arm_zephyr_eabi_12_2_0_include___isystem___home_adam_ncs_toolchains_b77d8c1312_opt_zephyr_sdk_arm_zephyr_eabi_bin____lib_gcc_arm_zephyr_eabi_12_2_0_include_fixed___Wl___unresolved_symbols_ignore_in_object_files__Wl___entry_0__fuse_ld_bfd succeeded with the following output:
Change Dir: /home/adam/serLCD_IV/build/serLCD_IV/CMakeFiles/CMakeTmp

Run Build Command(s):/home/adam/ncs/toolchains/b77d8c1312/usr/local/bin/ninja cmTC_c3897 && [1/2] Building C object CMakeFiles/cmTC_c3897.dir/src.c.obj
[2/2] Linking C executable cmTC_c3897


Source file was:
int main(void) { return 0; }
Performing C SOURCE FILE Test check_fmacro_prefix_map__home_adam_serLCD_IV_CMAKE_SOURCE_DIR_C__nostartfiles__nostdlib__isystem___home_adam_ncs_toolchains_b77d8c1312_opt_zephyr_sdk_arm_zephyr_eabi_bin____lib_gcc_arm_zephyr_eabi_12_2_0_include___isystem___home_adam_ncs_toolchains_b77d8c1312_opt_zephyr_sdk_arm_zephyr_eabi_bin____lib_gcc_arm_zephyr_eabi_12_2_0_include_fixed___Wl___unresolved_symbols_ignore_in_object_files__Wl___entry_0__fuse_ld_bfd succeeded with the following output:
Change Dir: /home/adam/serLCD_IV/build/serLCD_IV/CMakeFiles/CMakeTmp

Run Build Command(s):/home/adam/ncs/toolchains/b77d8c1312/usr/local/bin/ninja cmTC_0da13 && [1/2] Building C object CMakeFiles/cmTC_0da13.dir/src.c.obj
[2/2] Linking C executable cmTC_0da13


Source file was:
int main(void) { return 0; }
Performing C SOURCE FILE Test check_fmacro_prefix_map__home_adam_ncsII_ncs_main_zephyr_ZEPHYR_BASE_C__nostartfiles__nostdlib__isystem___home_adam_ncs_toolchains_b77d8c1312_opt_zephyr_sdk_arm_zephyr_eabi_bin____lib_gcc_arm_zephyr_eabi_12_2_0_include___isystem___home_adam_ncs_toolchains_b77d8c1312_opt_zephyr_sdk_arm_zephyr_eabi_bin____lib_gcc_arm_zephyr_eabi_12_2_0_include_fixed___Wl___unresolved_symbols_ignore_in_object_files__Wl___entry_0__fuse_ld_bfd succeeded with the following output:
Change Dir: /home/adam/serLCD_IV/build/serLCD_IV/CMakeFiles/CMakeTmp

Run Build Command(s):/home/adam/ncs/toolchains/b77d8c1312/usr/local/bin/ninja cmTC_1931a && [1/2] Building C object CMakeFiles/cmTC_1931a.dir/src.c.obj
[2/2] Linking C executable cmTC_1931a


Source file was:
int main(void) { return 0; }
Performing C SOURCE FILE Test check_fmacro_prefix_map__home_adam_ncsII_ncs_main_WEST_TOPDIR_C__nostartfiles__nostdlib__isystem___home_adam_ncs_toolchains_b77d8c1312_opt_zephyr_sdk_arm_zephyr_eabi_bin____lib_gcc_arm_zephyr_eabi_12_2_0_include___isystem___home_adam_ncs_toolchains_b77d8c1312_opt_zephyr_sdk_arm_zephyr_eabi_bin____lib_gcc_arm_zephyr_eabi_12_2_0_include_fixed___Wl___unresolved_symbols_ignore_in_object_files__Wl___entry_0__fuse_ld_bfd succeeded with the following output:
Change Dir: /home/adam/serLCD_IV/build/serLCD_IV/CMakeFiles/CMakeTmp

Run Build Command(s):/home/adam/ncs/toolchains/b77d8c1312/usr/local/bin/ninja cmTC_afb3a && [1/2] Building C object CMakeFiles/cmTC_afb3a.dir/src.c.obj
[2/2] Linking C executable cmTC_afb3a


Source file was:
int main(void) { return 0; }
